[17:29:26] [Client thread/INFO] [JMLogger] JourneyMap log initialized.
[17:29:26] [Client thread/INFO] [JourneymapClient] initialize ENTER
[17:29:26] [Client thread/TRACE] [ThemeLoader] Initializing themes ...
[17:29:26] [Client thread/ERROR] [FileHandler] Couldn't locate icons for flat: C:\Users\kanec\Documents\Curse\Minecraft\Instances\Out%20of%20Reach\mods\journeymap-1.12.2-5.5.6.jar\assets\journeymap\theme\flat
[17:29:26] [Client thread/INFO] [PropertiesBase] core (FirstLoaded) Setting config file to version "5.5.6": journeymap.core.config
[17:29:26] [Client thread/INFO] [PropertiesBase] core (Valid) Creating config file: C:\Users\kanec\Documents\Curse\Minecraft\Instances\Out of Reach\journeymap\config\5.5\journeymap.core.config
[17:29:26] [Client thread/INFO] [PropertiesBase] fullmap (FirstLoaded) Setting config file to version "5.5.6": journeymap.fullmap.config
[17:29:26] [Client thread/INFO] [PropertiesBase] fullmap (Valid) Creating config file: C:\Users\kanec\Documents\Curse\Minecraft\Instances\Out of Reach\journeymap\config\5.5\journeymap.fullmap.config
[17:29:26] [Client thread/INFO] [PropertiesBase] minimap (Initialized) Setting config file to version "5.5.6": journeymap.minimap.config
[17:29:26] [Client thread/INFO] [PropertiesBase] minimap (Valid) Creating config file: C:\Users\kanec\Documents\Curse\Minecraft\Instances\Out of Reach\journeymap\config\5.5\journeymap.minimap.config
[17:29:26] [Client thread/INFO] [PropertiesBase] minimap2 (FirstLoaded) Setting config file to version "5.5.6": journeymap.minimap2.config
[17:29:26] [Client thread/INFO] [PropertiesBase] minimap2 (Valid) Creating config file: C:\Users\kanec\Documents\Curse\Minecraft\Instances\Out of Reach\journeymap\config\5.5\journeymap.minimap2.config
[17:29:26] [Client thread/INFO] [PropertiesBase] topo (FirstLoaded) Setting config file to version "5.5.6": journeymap.topo.config
[17:29:26] [Client thread/INFO] [PropertiesBase] topo (Valid) Creating config file: C:\Users\kanec\Documents\Curse\Minecraft\Instances\Out of Reach\journeymap\config\5.5\journeymap.topo.config
[17:29:26] [Client thread/INFO] [PropertiesBase] webmap (FirstLoaded) Setting config file to version "5.5.6": journeymap.webmap.config
[17:29:26] [Client thread/INFO] [PropertiesBase] webmap (Valid) Creating config file: C:\Users\kanec\Documents\Curse\Minecraft\Instances\Out of Reach\journeymap\config\5.5\journeymap.webmap.config
[17:29:26] [Client thread/INFO] [PropertiesBase] waypoint (FirstLoaded) Setting config file to version "5.5.6": journeymap.waypoint.config
[17:29:26] [Client thread/INFO] [PropertiesBase] waypoint (Valid) Creating config file: C:\Users\kanec\Documents\Curse\Minecraft\Instances\Out of Reach\journeymap\config\5.5\journeymap.waypoint.config
[17:29:26] [Client thread/INFO] [?] Version: JourneyMap 1.12.2-5.5.6, built with Forge 14.23.5.2768
Forge: 14.23.5.2847
Environment: os.name, os.arch, java.version, user.country, user.language=null, game language=en_us, locale=en_us
Features: 
	RadarPlayers : singleplayer = true , multiplayer = true
	RadarAnimals : singleplayer = true , multiplayer = true
	RadarMobs : singleplayer = true , multiplayer = true
	RadarVillagers : singleplayer = true , multiplayer = true
	MapTopo : singleplayer = true , multiplayer = true
	MapSurface : singleplayer = true , multiplayer = true
	MapCaves : singleplayer = true , multiplayer = true
MiniMapProperties{state=SavedOk, file=journeymap.minimap.config, configVersion=5.5.6, zoomLevel=0, showPlayers=true, frameAlpha=100, compassFontScale=1, terrainAlpha=100, showEntityNames=true, enabled=true, showPlayerHeading=true, showVillagers=true, info2Label=Game Time, sizePercent=30, showDayNight=true, info3Label=Location, showMobs=true, showPets=true, preferredMapType=day, showCompass=true, mobDisplay=Small Dots, showReticle=true, orientation=North, systemTimeRealFormat=HH:mm:ss, shape=Circle, showSelf=true, info4Label=Biome, locationFormat=xzyv, playerDisplay=Small Dots, showGrid=true, reticleOrientation=Compass, gameTimeRealFormat=HH:mm:ss, showWaypoints=true, showCaves=true, showAnimals=true, showMobHeading=true, showWaypointLabels=true, locationFormatVerbose=true, position=Top Right, info1Label=Blank, fontScale=1}
MiniMapProperties{state=SavedOk, file=journeymap.minimap2.config, configVersion=5.5.6, zoomLevel=0, showPlayers=true, frameAlpha=100, compassFontScale=1, terrainAlpha=100, showEntityNames=true, enabled=true, showPlayerHeading=true, showVillagers=true, info2Label=Game Time, sizePercent=30, showDayNight=true, info3Label=Location, showMobs=true, showPets=true, preferredMapType=day, showCompass=true, mobDisplay=Small Dots, showReticle=true, orientation=North, systemTimeRealFormat=HH:mm:ss, shape=Rectangle, showSelf=true, info4Label=Biome, locationFormat=xzyv, playerDisplay=Small Dots, showGrid=true, reticleOrientation=Compass, gameTimeRealFormat=HH:mm:ss, showWaypoints=true, showCaves=true, showAnimals=true, showMobHeading=true, showWaypointLabels=true, locationFormatVerbose=true, position=Top Right, info1Label=Blank, fontScale=1}
FullMapProperties{state=SavedOk, file=journeymap.fullmap.config, configVersion=5.5.6, mobDisplay=Small Dots, zoomLevel=0, showPlayers=true, showSelf=true, locationFormat=xzyv, playerDisplay=Small Dots, showGrid=true, showEntityNames=true, showPlayerHeading=true, showVillagers=true, showWaypoints=true, showCaves=true, showAnimals=true, showMobHeading=true, showKeys=true, showWaypointLabels=true, locationFormatVerbose=true, showMobs=true, showPets=true, fontScale=1, preferredMapType=day}
WaypointProperties{state=SavedOk, file=journeymap.waypoint.config, configVersion=5.5.6, autoRemoveDeathpointDistance=2, createDeathpoints=true, showName=true, dateFormat=MM-dd-yyyy, autoRemoveDeathpoints=false, maxDistance=0, autoHideLabel=true, teleportCommand=/tp {name} {x} {y} {z}, showStaticBeam=true, minDistance=4, timeFormat=HH:mm:ss, boldLabel=false, textureSmall=true, showDeathpointlabel=true, showDistance=true, showRotatingBeam=true, fontScale=2, showTexture=true, managerEnabled=true, beaconEnabled=true}
WebMapProperties{state=SavedOk, file=journeymap.webmap.config, configVersion=5.5.6, zoomLevel=0, showWaypoints=true, showCaves=true, showSelf=true, port=8080, showGrid=true, showEntityNames=true, enabled=false, googleMapApiDomain=.com, preferredMapType=day}
CoreProperties{state=SavedOk, file=journeymap.core.config, configVersion=5.5.6, verboseColorPalette=false, maxPlayersData=32, mapSurfaceAboveCaves=true, optionsManagerViewed=null, announceMod=true, colorPassive=#bbbbbb, renderOverlayEventTypeName=ALL, mapBlendWater=false, renderDistanceSurfaceMax=7, radarVerticalDistance=16, mapBlendGrass=true, recordCacheStats=false, hideSneakingEntities=true, revealShape=Circle, alwaysMapSurface=false, colorVillager=#88e188, mapPlants=false, colorPet=#0077ff, radarLateralDistance=64, mapBathymetry=false, mapCrops=true, maxMobsData=32, mapPlantShadows=false, alwaysMapCaves=false, checkUpdates=true, browserPoll=2000, mapBlendFoliage=true, mappingEnabled=true, colorPlayer=#ffffff, tileHighDisplayQuality=true, cacheVillagersData=2200, logLevel=INFO, maxVillagersData=32, maxAnimalsData=32, mapTransparency=true, tileRenderType=1, caveIgnoreGlass=true, mapTopography=true, renderDistanceCaveMax=3, mapAntialiasing=true, colorSelf=#0000ff, cachePlayersData=2000, cacheMobsData=3000, cachePlayerData=1000, splashViewed=null, colorHostile=#ff0000, cacheAnimalsData=3100, themeName=OceanMonument, mapCaveLighting=true, renderDelay=2, renderOverlayPreEvent=true, autoMapPoll=2000}
[17:29:26] [Client thread/INFO] [ClientAPI] [ClientAPI] built with JourneyMap API 1.4
[17:29:26] [Client thread/INFO] [PluginHelper] Initializing plugins with Client API: journeymap.client.api.impl.ClientAPI
[17:29:26] [Client thread/INFO] [PluginHelper] Initialized IClientPlugin: com.feed_the_beast.ftbutilities.integration.JourneyMapIntegration
[17:29:26] [Client thread/INFO] [JourneymapClient] initialize EXIT, elapsed count 0 avg ?ms
[17:29:26] [Client thread/DEBUG] [JourneymapClient] postInitialize ENTER
[17:29:26] [Client thread/DEBUG] [EventHandlerManager] Handler registered: journeymap.client.forge.event.KeyEventHandler
[17:29:26] [Client thread/DEBUG] [EventHandlerManager] Handler registered: journeymap.client.forge.event.ChatEventHandler
[17:29:26] [Client thread/DEBUG] [EventHandlerManager] Handler registered: journeymap.client.forge.event.StateTickHandler
[17:29:26] [Client thread/DEBUG] [EventHandlerManager] Handler registered: journeymap.client.forge.event.WorldEventHandler
[17:29:26] [Client thread/DEBUG] [EventHandlerManager] Handler registered: journeymap.client.forge.event.WaypointBeaconHandler
[17:29:26] [Client thread/DEBUG] [EventHandlerManager] Handler registered: journeymap.client.forge.event.TextureAtlasHandler
[17:29:26] [Client thread/DEBUG] [EventHandlerManager] Handler registered: journeymap.client.forge.event.MiniMapOverlayHandler
[17:29:26] [Client thread/DEBUG] [EventHandlerManager] Handler registered: journeymap.client.forge.event.PlayerConnectHandler
[17:29:26] [Client thread/DEBUG] [EventHandlerManager] Handler registered: journeymap.client.world.ChunkMonitor
[17:29:26] [Client thread/ERROR] [FileHandler] Couldn't locate icons for Default: C:\Users\kanec\Documents\Curse\Minecraft\Instances\Out%20of%20Reach\mods\journeymap-1.12.2-5.5.6.jar\assets\journeymap\icon\entity
[17:29:26] [Client thread/INFO] [IconSetFileHandler] Added entity icons from journeymap:icon/entity. Success: false
[17:29:26] [Client thread/TRACE] [ThemeLoader] Initializing themes ...
[17:29:26] [Client thread/ERROR] [FileHandler] Couldn't locate icons for flat: C:\Users\kanec\Documents\Curse\Minecraft\Instances\Out%20of%20Reach\mods\journeymap-1.12.2-5.5.6.jar\assets\journeymap\theme\flat
[17:29:26] [Client thread/INFO] [ThemeLoader] Preloaded theme textures: 0
[17:29:26] [Client thread/DEBUG] [JourneymapClient] postInitialize EXIT, elapsed§8 count §r1§8 avg §r205.05§8ms§r
[17:30:59] [Server thread/INFO] [PropertiesBase] global (FirstLoaded) Setting config file to version "5.5.6": journeymap.server.global.config
[17:30:59] [Server thread/INFO] [PropertiesBase] global (Valid) Creating config file: C:\Users\kanec\Documents\Curse\Minecraft\Instances\Out of Reach\journeymap\server\5.5\journeymap.server.global.config
[17:30:59] [Server thread/INFO] [PropertiesBase] default (FirstLoaded) Setting config file to version "5.5.6": journeymap.server.default.config
[17:30:59] [Server thread/INFO] [PropertiesBase] default (Valid) Creating config file: C:\Users\kanec\Documents\Curse\Minecraft\Instances\Out of Reach\journeymap\server\5.5\journeymap.server.default.config
[17:30:59] [Server thread/INFO] [PropertiesBase] dim0 (Initialized) Setting config file to version "5.5.6": journeymap.server.dim0.config
[17:30:59] [Server thread/INFO] [PropertiesBase] dim0 (Valid) Creating config file: C:\Users\kanec\Documents\Curse\Minecraft\Instances\Out of Reach\journeymap\server\5.5\journeymap.server.dim0.config
[17:30:59] [Server thread/INFO] [PropertiesBase] dim-1 (Initialized) Setting config file to version "5.5.6": journeymap.server.dim-1.config
[17:30:59] [Server thread/INFO] [PropertiesBase] dim-1 (Valid) Creating config file: C:\Users\kanec\Documents\Curse\Minecraft\Instances\Out of Reach\journeymap\server\5.5\journeymap.server.dim-1.config
[17:30:59] [Server thread/INFO] [PropertiesBase] dim1 (Initialized) Setting config file to version "5.5.6": journeymap.server.dim1.config
[17:30:59] [Server thread/INFO] [PropertiesBase] dim1 (Valid) Creating config file: C:\Users\kanec\Documents\Curse\Minecraft\Instances\Out of Reach\journeymap\server\5.5\journeymap.server.dim1.config
[17:31:02] [Client thread/WARN] [PropertiesBase] core (Initialized) Bad configField entry during updateFrom(): optionsManagerViewed=null
[17:31:02] [Client thread/WARN] [PropertiesBase] core (Initialized) Bad configField entry during updateFrom(): splashViewed=null
[17:31:02] [Client thread/INFO] [WaypointStore] Loaded 0 waypoints from C:\Users\kanec\Documents\Curse\Minecraft\Instances\Out of Reach\journeymap\data\sp\New World\waypoints
[17:31:02] [Client thread/INFO] [JourneymapClient] Mapping started in C:\Users\kanec\Documents\Curse\Minecraft\Instances\Out of Reach\journeymap\data\sp\New World\DIM0. Memory: 1571MB total, 951MB free 
[17:31:02] [Client thread/INFO] [ChatLog] JourneyMap: Press [J]
[17:31:06] [Client thread/INFO] [JourneymapClient] Mapping halted in C:\Users\kanec\Documents\Curse\Minecraft\Instances\Out of Reach\journeymap\data\sp\New World\DIM0
